2023-09-08 21:32:00 CEST INFO  com.laboratorio.java099.eventos.ListaPeticiones 31 add - [HILO] Se ha agregado la petición Id: 1
2023-09-08 21:32:00 CEST INFO  com.laboratorio.java099.eventos.ListaPeticiones 31 add - [HILO] Se ha agregado la petición Id: 2
2023-09-08 21:32:00 CEST INFO  com.laboratorio.java099.eventos.ListaPeticiones 31 add - [HILO] Se ha agregado la petición Id: 3
2023-09-08 21:32:00 CEST INFO  com.laboratorio.java099.eventos.ListaPeticiones 31 add - [HILO] Se ha agregado la petición Id: 4
2023-09-08 21:32:00 CEST INFO  com.laboratorio.java099.eventos.ListaPeticiones 31 add - [HILO] Se ha agregado la petición Id: 5
2023-09-08 21:32:00 CEST INFO  com.laboratorio.java099.eventos.ListaPeticiones 31 add - [HILO] Se ha agregado la petición Id: 6
2023-09-08 21:32:01 CEST INFO  com.laboratorio.java099.Java099 40 main - [APP] Ciclo: 1
2023-09-08 21:32:02 CEST INFO  com.laboratorio.java099.Java099 40 main - [APP] Ciclo: 2
2023-09-08 21:32:03 CEST INFO  com.laboratorio.java099.Java099 40 main - [APP] Ciclo: 3
2023-09-08 21:32:04 CEST INFO  com.laboratorio.java099.Java099 40 main - [APP] Ciclo: 4
2023-09-08 21:32:05 CEST INFO  com.laboratorio.java099.Java099 40 main - [APP] Ciclo: 5
2023-09-08 21:32:06 CEST INFO  com.laboratorio.java099.api.FrankfurterAPI 37 ejecutar - [API] Llamada realizada correctamente [LATEST]
2023-09-08 21:32:06 CEST INFO  com.laboratorio.java099.eventos.ListaPeticiones 46 generarEventoLatest - [HILO] Lanzar el evento LATEST de la petición Id: 1
2023-09-08 21:32:06 CEST INFO  com.laboratorio.java099.peticion.PeticionLatest 17 procesarEventoLatest - [APP-LATEST] Manejo de un evento
2023-09-08 21:32:06 CEST INFO  com.laboratorio.java099.peticion.PeticionLatest 18 procesarEventoLatest - [APP-LATEST] Respuesta de la petición Id 1: {"amount":1.0,"base":"EUR","date":"2023-09-08","rates":{"AUD":1.6743,"BGN":1.9558,"BRL":5.3238,"CAD":1.4623,"CHF":0.9543,"CNY":7.8565,"CZK":24.452,"DKK":7.4591,"GBP":0.85735,"HKD":8.3915,"HUF":385.7,"IDR":16438,"ILS":4.1162,"INR":88.86,"ISK":143.3,"JPY":157.84,"KRW":1428.51,"MXN":18.7019,"MYR":5.0057,"NOK":11.422,"NZD":1.8127,"PHP":60.66,"PLN":4.6213,"RON":4.963,"SEK":11.904,"SGD":1.4605,"THB":38.042,"TRY":28.739,"USD":1.0704,"ZAR":20.437}}
2023-09-08 21:32:06 CEST INFO  com.laboratorio.java099.eventos.ListaPeticiones 46 generarEventoLatest - [HILO] Lanzar el evento LATEST de la petición Id: 1
2023-09-08 21:32:06 CEST INFO  com.laboratorio.java099.peticion.PeticionCurrencies 17 procesarEventoLatest - [APP-CURRENCIES] No hacer nada
2023-09-08 21:32:06 CEST INFO  com.laboratorio.java099.eventos.ListaPeticiones 61 procesarPeticionLatest - [HILO] Se ha procesado la petición LATEST con Id: 1
2023-09-08 21:32:06 CEST INFO  com.laboratorio.java099.Java099 40 main - [APP] Ciclo: 6
2023-09-08 21:32:07 CEST INFO  com.laboratorio.java099.Java099 40 main - [APP] Ciclo: 7
2023-09-08 21:32:08 CEST INFO  com.laboratorio.java099.Java099 40 main - [APP] Ciclo: 8
2023-09-08 21:32:09 CEST INFO  com.laboratorio.java099.Java099 40 main - [APP] Ciclo: 9
2023-09-08 21:32:10 CEST INFO  com.laboratorio.java099.Java099 40 main - [APP] Ciclo: 10
2023-09-08 21:32:11 CEST INFO  com.laboratorio.java099.Java099 40 main - [APP] Ciclo: 11
2023-09-08 21:32:12 CEST INFO  com.laboratorio.java099.api.FrankfurterAPI 37 ejecutar - [API] Llamada realizada correctamente [CURRENCIES]
2023-09-08 21:32:12 CEST INFO  com.laboratorio.java099.eventos.ListaPeticiones 67 generarEventoCurrencies - [HILO] Lanzar el evento CURRENCIES de la petición Id: 2
2023-09-08 21:32:12 CEST INFO  com.laboratorio.java099.peticion.PeticionLatest 23 procesarEventoCurrencies - [APP-LATEST] No hacer nada
2023-09-08 21:32:12 CEST INFO  com.laboratorio.java099.eventos.ListaPeticiones 67 generarEventoCurrencies - [HILO] Lanzar el evento CURRENCIES de la petición Id: 2
2023-09-08 21:32:12 CEST INFO  com.laboratorio.java099.peticion.PeticionCurrencies 22 procesarEventoCurrencies - [APP-CURRENCIES] Manejo de un evento
2023-09-08 21:32:12 CEST INFO  com.laboratorio.java099.peticion.PeticionCurrencies 23 procesarEventoCurrencies - [APP-CURRENCIES] Respuesta de la petición Id 2: {"AUD":"Australian Dollar","BGN":"Bulgarian Lev","BRL":"Brazilian Real","CAD":"Canadian Dollar","CHF":"Swiss Franc","CNY":"Chinese Renminbi Yuan","CZK":"Czech Koruna","DKK":"Danish Krone","EUR":"Euro","GBP":"British Pound","HKD":"Hong Kong Dollar","HUF":"Hungarian Forint","IDR":"Indonesian Rupiah","ILS":"Israeli New Sheqel","INR":"Indian Rupee","ISK":"Icelandic Króna","JPY":"Japanese Yen","KRW":"South Korean Won","MXN":"Mexican Peso","MYR":"Malaysian Ringgit","NOK":"Norwegian Krone","NZD":"New Zealand Dollar","PHP":"Philippine Peso","PLN":"Polish Złoty","RON":"Romanian Leu","SEK":"Swedish Krona","SGD":"Singapore Dollar","THB":"Thai Baht","TRY":"Turkish Lira","USD":"United States Dollar","ZAR":"South African Rand"}
2023-09-08 21:32:12 CEST INFO  com.laboratorio.java099.eventos.ListaPeticiones 82 procesarPeticionCurrencies - [HILO] Se ha procesado la petición CURRENCIES con Id: 2
2023-09-08 21:32:12 CEST INFO  com.laboratorio.java099.Java099 40 main - [APP] Ciclo: 12
2023-09-08 21:32:13 CEST INFO  com.laboratorio.java099.Java099 40 main - [APP] Ciclo: 13
2023-09-08 21:32:14 CEST INFO  com.laboratorio.java099.Java099 40 main - [APP] Ciclo: 14
2023-09-08 21:32:15 CEST INFO  com.laboratorio.java099.Java099 40 main - [APP] Ciclo: 15
2023-09-08 21:32:16 CEST INFO  com.laboratorio.java099.Java099 40 main - [APP] Ciclo: 16
2023-09-08 21:32:17 CEST INFO  com.laboratorio.java099.api.FrankfurterAPI 37 ejecutar - [API] Llamada realizada correctamente [LATEST]
2023-09-08 21:32:17 CEST INFO  com.laboratorio.java099.eventos.ListaPeticiones 46 generarEventoLatest - [HILO] Lanzar el evento LATEST de la petición Id: 3
2023-09-08 21:32:17 CEST INFO  com.laboratorio.java099.peticion.PeticionLatest 17 procesarEventoLatest - [APP-LATEST] Manejo de un evento
2023-09-08 21:32:17 CEST INFO  com.laboratorio.java099.peticion.PeticionLatest 18 procesarEventoLatest - [APP-LATEST] Respuesta de la petición Id 3: {"amount":1.0,"base":"EUR","date":"2023-09-08","rates":{"AUD":1.6743,"BGN":1.9558,"BRL":5.3238,"CAD":1.4623,"CHF":0.9543,"CNY":7.8565,"CZK":24.452,"DKK":7.4591,"GBP":0.85735,"HKD":8.3915,"HUF":385.7,"IDR":16438,"ILS":4.1162,"INR":88.86,"ISK":143.3,"JPY":157.84,"KRW":1428.51,"MXN":18.7019,"MYR":5.0057,"NOK":11.422,"NZD":1.8127,"PHP":60.66,"PLN":4.6213,"RON":4.963,"SEK":11.904,"SGD":1.4605,"THB":38.042,"TRY":28.739,"USD":1.0704,"ZAR":20.437}}
2023-09-08 21:32:17 CEST INFO  com.laboratorio.java099.eventos.ListaPeticiones 46 generarEventoLatest - [HILO] Lanzar el evento LATEST de la petición Id: 3
2023-09-08 21:32:17 CEST INFO  com.laboratorio.java099.peticion.PeticionCurrencies 17 procesarEventoLatest - [APP-CURRENCIES] No hacer nada
2023-09-08 21:32:17 CEST INFO  com.laboratorio.java099.eventos.ListaPeticiones 61 procesarPeticionLatest - [HILO] Se ha procesado la petición LATEST con Id: 3
2023-09-08 21:32:17 CEST INFO  com.laboratorio.java099.Java099 40 main - [APP] Ciclo: 17
2023-09-08 21:32:18 CEST INFO  com.laboratorio.java099.Java099 40 main - [APP] Ciclo: 18
2023-09-08 21:32:19 CEST INFO  com.laboratorio.java099.Java099 40 main - [APP] Ciclo: 19
2023-09-08 21:32:20 CEST INFO  com.laboratorio.java099.Java099 40 main - [APP] Ciclo: 20
2023-09-08 21:32:21 CEST INFO  com.laboratorio.java099.Java099 40 main - [APP] Ciclo: 21
2023-09-08 21:32:22 CEST INFO  com.laboratorio.java099.api.FrankfurterAPI 37 ejecutar - [API] Llamada realizada correctamente [LATEST]
2023-09-08 21:32:22 CEST INFO  com.laboratorio.java099.eventos.ListaPeticiones 46 generarEventoLatest - [HILO] Lanzar el evento LATEST de la petición Id: 4
2023-09-08 21:32:22 CEST INFO  com.laboratorio.java099.peticion.PeticionLatest 17 procesarEventoLatest - [APP-LATEST] Manejo de un evento
2023-09-08 21:32:22 CEST INFO  com.laboratorio.java099.peticion.PeticionLatest 18 procesarEventoLatest - [APP-LATEST] Respuesta de la petición Id 4: {"amount":1.0,"base":"EUR","date":"2023-09-08","rates":{"AUD":1.6743,"BGN":1.9558,"BRL":5.3238,"CAD":1.4623,"CHF":0.9543,"CNY":7.8565,"CZK":24.452,"DKK":7.4591,"GBP":0.85735,"HKD":8.3915,"HUF":385.7,"IDR":16438,"ILS":4.1162,"INR":88.86,"ISK":143.3,"JPY":157.84,"KRW":1428.51,"MXN":18.7019,"MYR":5.0057,"NOK":11.422,"NZD":1.8127,"PHP":60.66,"PLN":4.6213,"RON":4.963,"SEK":11.904,"SGD":1.4605,"THB":38.042,"TRY":28.739,"USD":1.0704,"ZAR":20.437}}
2023-09-08 21:32:22 CEST INFO  com.laboratorio.java099.eventos.ListaPeticiones 46 generarEventoLatest - [HILO] Lanzar el evento LATEST de la petición Id: 4
2023-09-08 21:32:22 CEST INFO  com.laboratorio.java099.peticion.PeticionCurrencies 17 procesarEventoLatest - [APP-CURRENCIES] No hacer nada
2023-09-08 21:32:22 CEST INFO  com.laboratorio.java099.eventos.ListaPeticiones 61 procesarPeticionLatest - [HILO] Se ha procesado la petición LATEST con Id: 4
2023-09-08 21:32:22 CEST INFO  com.laboratorio.java099.Java099 40 main - [APP] Ciclo: 22
2023-09-08 21:32:23 CEST INFO  com.laboratorio.java099.Java099 40 main - [APP] Ciclo: 23
2023-09-08 21:32:24 CEST INFO  com.laboratorio.java099.Java099 40 main - [APP] Ciclo: 24
2023-09-08 21:32:25 CEST INFO  com.laboratorio.java099.Java099 40 main - [APP] Ciclo: 25
2023-09-08 21:32:26 CEST INFO  com.laboratorio.java099.Java099 40 main - [APP] Ciclo: 26
2023-09-08 21:32:27 CEST INFO  com.laboratorio.java099.api.FrankfurterAPI 37 ejecutar - [API] Llamada realizada correctamente [CURRENCIES]
2023-09-08 21:32:27 CEST INFO  com.laboratorio.java099.eventos.ListaPeticiones 67 generarEventoCurrencies - [HILO] Lanzar el evento CURRENCIES de la petición Id: 5
2023-09-08 21:32:27 CEST INFO  com.laboratorio.java099.peticion.PeticionLatest 23 procesarEventoCurrencies - [APP-LATEST] No hacer nada
2023-09-08 21:32:27 CEST INFO  com.laboratorio.java099.eventos.ListaPeticiones 67 generarEventoCurrencies - [HILO] Lanzar el evento CURRENCIES de la petición Id: 5
2023-09-08 21:32:27 CEST INFO  com.laboratorio.java099.peticion.PeticionCurrencies 22 procesarEventoCurrencies - [APP-CURRENCIES] Manejo de un evento
2023-09-08 21:32:27 CEST INFO  com.laboratorio.java099.peticion.PeticionCurrencies 23 procesarEventoCurrencies - [APP-CURRENCIES] Respuesta de la petición Id 5: {"AUD":"Australian Dollar","BGN":"Bulgarian Lev","BRL":"Brazilian Real","CAD":"Canadian Dollar","CHF":"Swiss Franc","CNY":"Chinese Renminbi Yuan","CZK":"Czech Koruna","DKK":"Danish Krone","EUR":"Euro","GBP":"British Pound","HKD":"Hong Kong Dollar","HUF":"Hungarian Forint","IDR":"Indonesian Rupiah","ILS":"Israeli New Sheqel","INR":"Indian Rupee","ISK":"Icelandic Króna","JPY":"Japanese Yen","KRW":"South Korean Won","MXN":"Mexican Peso","MYR":"Malaysian Ringgit","NOK":"Norwegian Krone","NZD":"New Zealand Dollar","PHP":"Philippine Peso","PLN":"Polish Złoty","RON":"Romanian Leu","SEK":"Swedish Krona","SGD":"Singapore Dollar","THB":"Thai Baht","TRY":"Turkish Lira","USD":"United States Dollar","ZAR":"South African Rand"}
2023-09-08 21:32:27 CEST INFO  com.laboratorio.java099.eventos.ListaPeticiones 82 procesarPeticionCurrencies - [HILO] Se ha procesado la petición CURRENCIES con Id: 5
2023-09-08 21:32:27 CEST INFO  com.laboratorio.java099.Java099 40 main - [APP] Ciclo: 27
2023-09-08 21:32:28 CEST INFO  com.laboratorio.java099.Java099 40 main - [APP] Ciclo: 28
2023-09-08 21:32:29 CEST INFO  com.laboratorio.java099.Java099 40 main - [APP] Ciclo: 29
2023-09-08 21:32:30 CEST INFO  com.laboratorio.java099.Java099 40 main - [APP] Ciclo: 30
2023-09-08 21:32:31 CEST INFO  com.laboratorio.java099.Java099 40 main - [APP] Ciclo: 31
2023-09-08 21:32:32 CEST INFO  com.laboratorio.java099.api.FrankfurterAPI 37 ejecutar - [API] Llamada realizada correctamente [CURRENCIES]
2023-09-08 21:32:32 CEST INFO  com.laboratorio.java099.eventos.ListaPeticiones 67 generarEventoCurrencies - [HILO] Lanzar el evento CURRENCIES de la petición Id: 6
2023-09-08 21:32:32 CEST INFO  com.laboratorio.java099.peticion.PeticionLatest 23 procesarEventoCurrencies - [APP-LATEST] No hacer nada
2023-09-08 21:32:32 CEST INFO  com.laboratorio.java099.eventos.ListaPeticiones 67 generarEventoCurrencies - [HILO] Lanzar el evento CURRENCIES de la petición Id: 6
2023-09-08 21:32:32 CEST INFO  com.laboratorio.java099.peticion.PeticionCurrencies 22 procesarEventoCurrencies - [APP-CURRENCIES] Manejo de un evento
2023-09-08 21:32:32 CEST INFO  com.laboratorio.java099.peticion.PeticionCurrencies 23 procesarEventoCurrencies - [APP-CURRENCIES] Respuesta de la petición Id 6: {"AUD":"Australian Dollar","BGN":"Bulgarian Lev","BRL":"Brazilian Real","CAD":"Canadian Dollar","CHF":"Swiss Franc","CNY":"Chinese Renminbi Yuan","CZK":"Czech Koruna","DKK":"Danish Krone","EUR":"Euro","GBP":"British Pound","HKD":"Hong Kong Dollar","HUF":"Hungarian Forint","IDR":"Indonesian Rupiah","ILS":"Israeli New Sheqel","INR":"Indian Rupee","ISK":"Icelandic Króna","JPY":"Japanese Yen","KRW":"South Korean Won","MXN":"Mexican Peso","MYR":"Malaysian Ringgit","NOK":"Norwegian Krone","NZD":"New Zealand Dollar","PHP":"Philippine Peso","PLN":"Polish Złoty","RON":"Romanian Leu","SEK":"Swedish Krona","SGD":"Singapore Dollar","THB":"Thai Baht","TRY":"Turkish Lira","USD":"United States Dollar","ZAR":"South African Rand"}
2023-09-08 21:32:32 CEST INFO  com.laboratorio.java099.eventos.ListaPeticiones 82 procesarPeticionCurrencies - [HILO] Se ha procesado la petición CURRENCIES con Id: 6
2023-09-08 21:32:32 CEST INFO  com.laboratorio.java099.Java099 40 main - [APP] Ciclo: 32
2023-09-08 21:32:33 CEST INFO  com.laboratorio.java099.Java099 40 main - [APP] Ciclo: 33
2023-09-08 21:32:33 CEST INFO  com.laboratorio.java099.Java099 45 main - [APP] Esperando finalización del hilo
2023-09-08 21:32:37 CEST INFO  com.laboratorio.java099.Java099 47 main - [APP] Finalizando programa...
